Base path: 'C:/Program Files/Unity/Hub/Editor/2020.1.7f1/Editor/Data', plugins path 'C:/Program Files/Unity/Hub/Editor/2020.1.7f1/Editor/Data/PlaybackEngines'
Cmd: initializeCompiler
Cmd: compileComputeKernel
  api=4 insize=4334 outsize=1371 ok=1
Cmd: compileComputeKernel
  api=4 insize=4357 outsize=1155 ok=1
Cmd: compileComputeKernel
  error: 2 plat 4 at ComputeCrystalMesh.compute(130): cannot implicitly convert from 'float2' to 'float3'
  api=4 insize=4454 outsize=0 ok=0
Cmd: compileComputeKernel
  api=4 insize=4463 outsize=1095 ok=1
Cmd: compileComputeKernel
  api=4 insize=2805 outsize=1111 ok=1
Cmd: compileComputeKernel
  error: 1 plat 4 at ComputeCrystalMesh.compute(85): loop only executes for 0 iteration(s), forcing loop to unroll
  api=4 insize=2851 outsize=851 ok=1
Cmd: compileComputeKernel
  error: 1 plat 4 at ComputeCrystalMesh.compute(82): loop only executes for 1 iteration(s), forcing loop to unroll
  error: 1 plat 4 at ComputeCrystalMesh.compute(86): loop only executes for 1 iteration(s), forcing loop to unroll
  api=4 insize=2869 outsize=719 ok=1
Cmd: compileComputeKernel
  api=4 insize=2886 outsize=1243 ok=1
Cmd: compileComputeKernel
  api=4 insize=2886 outsize=1243 ok=1
Cmd: compileComputeKernel
  api=4 insize=2891 outsize=1239 ok=1
