Base path: 'C:/Program Files/Unity/Hub/Editor/2020.1.7f1/Editor/Data', plugins path 'C:/Program Files/Unity/Hub/Editor/2020.1.7f1/Editor/Data/PlaybackEngines'
Cmd: initializeCompiler
Cmd: compileComputeKernel
  error: 1 plat 4 at ComputeCrystalMesh.compute(94): potentially unintended use of a comma expression in a variable initializer
  error: 1 plat 4 at ComputeCrystalMesh.compute(130): implicit truncation of vector type
  api=4 insize=4297 outsize=1195 ok=1
Cmd: compileComputeKernel
  api=4 insize=4467 outsize=1123 ok=1
Cmd: compileComputeKernel
  error: 1 plat 4 at ComputeCrystalMesh.compute(82): signed/unsigned mismatch, unsigned assumed
  error: 1 plat 4 at ComputeCrystalMesh.compute(85): signed/unsigned mismatch, unsigned assumed
  api=4 insize=2789 outsize=1099 ok=1
Cmd: compileComputeKernel
  api=4 insize=2831 outsize=1151 ok=1
Cmd: compileComputeKernel
  api=4 insize=2835 outsize=1151 ok=1
Cmd: compileComputeKernel
  api=4 insize=2835 outsize=1151 ok=1
Cmd: compileComputeKernel
  api=4 insize=2885 outsize=1219 ok=1
Cmd: compileComputeKernel
  api=4 insize=2850 outsize=1243 ok=1
Cmd: compileSnippet
  api=4 type=0 insize=1602 outsize=1638 kw=DIRECTIONAL pd=UNITY_ENABLE_REFLECTION_BUFFERS UNITY_USE_DITHER_MASK_FOR_ALPHABLENDED_SHADOWS UNITY_PBS_USE_BRDF1 UNITY_SPECCUBE_BOX_PROJECTION UNITY_SPECCUBE_BLENDING UNITY_ENABLE_DETAIL_NORMALMAP SHADER_API_DESKTOP UNITY_COLORSPACE_GAMMA UNITY_LIGHT_PROBE_PROXY_VOLUME UNITY_LIGHTMAP_FULL_HDR UNITY_PASS_FORWARDBASE dkw=_EMISSION FOG_LINEAR FOG_EXP FOG_EXP2 INSTANCING_ON _NORMALMAP _ALPHATEST_ON _ALPHABLEND_ON _ALPHAPREMULTIPLY_ON _METALLICGLOSSMAP _DETAIL_MULX2 _SMOOTHNESS_TEXTURE_ALBEDO_CHANNEL_A _SPECULARHIGHLIGHTS_OFF _GLOSSYREFLECTIONS_OFF _PARALLAXMAP LIGHTPROBE_SH SHADOWS_SHADOWMASK DYNAMICLIGHTMAP_ON LIGHTMAP_ON LIGHTMAP_SHADOW_MIXING DIRLIGHTMAP_COMBINED SHADOWS_SCREEN VERTEXLIGHT_ON UNITY_NO_DXT5nm UNITY_ENABLE_NATIVE_SHADOW_LOOKUPS UNITY_METAL_SHADOWS_USE_POINT_FILTERING UNITY_NO_SCREENSPACE_SHADOWS UNITY_PBS_USE_BRDF2 UNITY_PBS_USE_BRDF3 UNITY_NO_FULL_STANDARD_SHADER UNITY_HARDWARE_TIER1 UNITY_HARDWARE_TIER2 UNITY_HARDWARE_TIER3 UNITY_HALF_PRECISION_FRAGMENT_SHADER_REGISTERS UNITY_LIGHTMAP_DLDR_ENCODING UNITY_LIGHTMAP_RGBM_ENCODING UNITY_VIRTUAL_TEXTURING ok=1
